12-10-2024 15:45:58 TestBase.java INFO  [main] base.TestBase 36 - Browser Name : Chrome
12-10-2024 15:46:01 LoginPageTest.java INFO  [main] base.TestBase 23 - Test stated ....................
12-10-2024 15:46:01 LoginPageTest.java INFO  [main] base.TestBase 82 - Test completed ....................................
12-10-2024 15:46:01 TestBase.java INFO  [main] base.TestBase 36 - Browser Name : Chrome
12-10-2024 15:46:04 LoginPageTest.java INFO  [main] base.TestBase 23 - Test stated ....................
12-10-2024 15:46:04 LoginPageTest.java INFO  [main] base.TestBase 45 - validate facebook image .....................
12-10-2024 15:46:04 LoginPageTest.java INFO  [main] base.TestBase 82 - Test completed ....................................
12-10-2024 15:46:04 TestBase.java INFO  [main] base.TestBase 36 - Browser Name : Chrome
12-10-2024 15:46:07 LoginPageTest.java INFO  [main] base.TestBase 23 - Test stated ....................
12-10-2024 15:46:07 LoginPageTest.java INFO  [main] base.TestBase 56 - Login Test Method Running .......
12-10-2024 15:46:23 LoginPageTest.java INFO  [main] base.TestBase 82 - Test completed ....................................
12-10-2024 15:46:23 TestBase.java INFO  [main] base.TestBase 36 - Browser Name : Chrome
12-10-2024 15:46:26 LoginPageTest.java INFO  [main] base.TestBase 23 - Test stated ....................
12-10-2024 15:46:26 LoginPageTest.java INFO  [main] base.TestBase 70 -  multipleUserLogin Test Method Running .......
12-10-2024 15:46:38 LoginPageTest.java INFO  [main] base.TestBase 82 - Test completed ....................................
12-10-2024 15:46:38 TestBase.java INFO  [main] base.TestBase 36 - Browser Name : Chrome
12-10-2024 15:46:40 LoginPageTest.java INFO  [main] base.TestBase 23 - Test stated ....................
12-10-2024 15:46:40 LoginPageTest.java INFO  [main] base.TestBase 70 -  multipleUserLogin Test Method Running .......
12-10-2024 15:46:51 LoginPageTest.java INFO  [main] base.TestBase 82 - Test completed ....................................
12-10-2024 15:46:51 TestBase.java INFO  [main] base.TestBase 36 - Browser Name : Chrome
12-10-2024 15:46:54 LoginPageTest.java INFO  [main] base.TestBase 23 - Test stated ....................
12-10-2024 15:46:54 LoginPageTest.java INFO  [main] base.TestBase 70 -  multipleUserLogin Test Method Running .......
12-10-2024 15:47:06 LoginPageTest.java INFO  [main] base.TestBase 82 - Test completed ....................................
12-10-2024 15:47:06 TestBase.java INFO  [main] base.TestBase 36 - Browser Name : Chrome
12-10-2024 15:47:09 LoginPageTest.java INFO  [main] base.TestBase 23 - Test stated ....................
12-10-2024 15:47:09 LoginPageTest.java INFO  [main] base.TestBase 70 -  multipleUserLogin Test Method Running .......
12-10-2024 15:47:20 LoginPageTest.java INFO  [main] base.TestBase 82 - Test completed ....................................
12-10-2024 15:47:20 TestBase.java INFO  [main] base.TestBase 36 - Browser Name : Chrome
12-10-2024 15:47:23 LoginPageTest.java INFO  [main] base.TestBase 23 - Test stated ....................
12-10-2024 15:47:23 LoginPageTest.java INFO  [main] base.TestBase 70 -  multipleUserLogin Test Method Running .......
12-10-2024 15:47:34 LoginPageTest.java INFO  [main] base.TestBase 82 - Test completed ....................................
12-10-2024 15:47:34 TestBase.java INFO  [main] base.TestBase 36 - Browser Name : Chrome
12-10-2024 15:47:37 LoginPageTest.java INFO  [main] base.TestBase 23 - Test stated ....................
12-10-2024 15:47:37 LoginPageTest.java INFO  [main] base.TestBase 70 -  multipleUserLogin Test Method Running .......
12-10-2024 15:47:49 LoginPageTest.java INFO  [main] base.TestBase 82 - Test completed ....................................
12-10-2024 15:47:49 TestBase.java INFO  [main] base.TestBase 36 - Browser Name : Chrome
12-10-2024 15:47:51 LoginPageTest.java INFO  [main] base.TestBase 23 - Test stated ....................
12-10-2024 15:47:51 LoginPageTest.java INFO  [main] base.TestBase 70 -  multipleUserLogin Test Method Running .......
12-10-2024 15:48:03 LoginPageTest.java INFO  [main] base.TestBase 82 - Test completed ....................................
12-10-2024 15:48:03 TestBase.java INFO  [main] base.TestBase 36 - Browser Name : Chrome
12-10-2024 15:48:05 CreateNewAccountPageTest.java INFO  [main] base.TestBase 24 - Test stated ....................
12-10-2024 15:48:07 CreateNewAccountPageTest.java INFO  [main] base.TestBase 36 - CreateNewAccount page title
12-10-2024 15:48:07 CreateNewAccountPageTest.java INFO  [main] base.TestBase 88 - Test completed ....................................
12-10-2024 15:48:08 TestBase.java INFO  [main] base.TestBase 36 - Browser Name : Chrome
12-10-2024 15:48:10 CreateNewAccountPageTest.java INFO  [main] base.TestBase 24 - Test stated ....................
12-10-2024 15:48:12 CreateNewAccountPageTest.java INFO  [main] base.TestBase 47 - fbLogoImage 
12-10-2024 15:48:12 CreateNewAccountPageTest.java INFO  [main] base.TestBase 88 - Test completed ....................................
12-10-2024 15:48:12 TestBase.java INFO  [main] base.TestBase 36 - Browser Name : Chrome
12-10-2024 15:48:15 CreateNewAccountPageTest.java INFO  [main] base.TestBase 24 - Test stated ....................
12-10-2024 15:48:17 CreateNewAccountPageTest.java INFO  [main] base.TestBase 61 - SingUp page 
12-10-2024 15:48:29 CreateNewAccountPageTest.java INFO  [main] base.TestBase 88 - Test completed ....................................
12-10-2024 15:48:30 TestBase.java INFO  [main] base.TestBase 36 - Browser Name : Chrome
12-10-2024 15:48:32 CreateNewAccountPageTest.java INFO  [main] base.TestBase 24 - Test stated ....................
12-10-2024 15:48:35 CreateNewAccountPageTest.java INFO  [main] base.TestBase 78 - multipleSignUp 
12-10-2024 15:48:56 CreateNewAccountPageTest.java INFO  [main] base.TestBase 88 - Test completed ....................................
12-10-2024 15:48:56 TestBase.java INFO  [main] base.TestBase 36 - Browser Name : Chrome
12-10-2024 15:48:59 CreateNewAccountPageTest.java INFO  [main] base.TestBase 24 - Test stated ....................
12-10-2024 15:49:01 CreateNewAccountPageTest.java INFO  [main] base.TestBase 78 - multipleSignUp 
12-10-2024 15:49:22 CreateNewAccountPageTest.java INFO  [main] base.TestBase 88 - Test completed ....................................
12-10-2024 15:49:23 TestBase.java INFO  [main] base.TestBase 36 - Browser Name : Chrome
12-10-2024 15:49:25 CreateNewAccountPageTest.java INFO  [main] base.TestBase 24 - Test stated ....................
12-10-2024 15:49:27 CreateNewAccountPageTest.java INFO  [main] base.TestBase 78 - multipleSignUp 
12-10-2024 15:49:49 CreateNewAccountPageTest.java INFO  [main] base.TestBase 88 - Test completed ....................................
12-10-2024 15:49:50 TestBase.java INFO  [main] base.TestBase 36 - Browser Name : Chrome
12-10-2024 15:49:53 CreateNewAccountPageTest.java INFO  [main] base.TestBase 24 - Test stated ....................
12-10-2024 15:49:55 CreateNewAccountPageTest.java INFO  [main] base.TestBase 78 - multipleSignUp 
12-10-2024 15:50:16 CreateNewAccountPageTest.java INFO  [main] base.TestBase 88 - Test completed ....................................
12-10-2024 15:50:17 TestBase.java INFO  [main] base.TestBase 36 - Browser Name : Chrome
12-10-2024 15:50:20 CreateNewAccountPageTest.java INFO  [main] base.TestBase 24 - Test stated ....................
12-10-2024 15:50:22 CreateNewAccountPageTest.java INFO  [main] base.TestBase 78 - multipleSignUp 
12-10-2024 15:50:44 CreateNewAccountPageTest.java INFO  [main] base.TestBase 88 - Test completed ....................................
12-10-2024 15:50:44 TestBase.java INFO  [main] base.TestBase 36 - Browser Name : Chrome
12-10-2024 15:50:47 CreateNewAccountPageTest.java INFO  [main] base.TestBase 24 - Test stated ....................
12-10-2024 15:50:49 CreateNewAccountPageTest.java INFO  [main] base.TestBase 78 - multipleSignUp 
12-10-2024 15:51:10 CreateNewAccountPageTest.java INFO  [main] base.TestBase 88 - Test completed ....................................
12-10-2024 15:51:11 TestBase.java INFO  [main] base.TestBase 36 - Browser Name : Chrome
12-10-2024 15:51:13 CreateNewAccountPageTest.java INFO  [main] base.TestBase 24 - Test stated ....................
12-10-2024 15:51:15 CreateNewAccountPageTest.java INFO  [main] base.TestBase 78 - multipleSignUp 
12-10-2024 15:51:37 CreateNewAccountPageTest.java INFO  [main] base.TestBase 88 - Test completed ....................................
12-10-2024 15:51:37 TestBase.java INFO  [main] base.TestBase 36 - Browser Name : Chrome
12-10-2024 15:51:40 CreateNewAccountPageTest.java INFO  [main] base.TestBase 24 - Test stated ....................
12-10-2024 15:51:42 CreateNewAccountPageTest.java INFO  [main] base.TestBase 78 - multipleSignUp 
12-10-2024 15:52:03 CreateNewAccountPageTest.java INFO  [main] base.TestBase 88 - Test completed ....................................
12-10-2024 15:52:04 TestBase.java INFO  [main] base.TestBase 36 - Browser Name : Chrome
12-10-2024 15:52:06 CreateNewAccountPageTest.java INFO  [main] base.TestBase 24 - Test stated ....................
12-10-2024 15:52:08 CreateNewAccountPageTest.java INFO  [main] base.TestBase 78 - multipleSignUp 
12-10-2024 15:52:29 CreateNewAccountPageTest.java INFO  [main] base.TestBase 88 - Test completed ....................................
12-10-2024 15:52:30 TestBase.java INFO  [main] base.TestBase 36 - Browser Name : Chrome
12-10-2024 15:52:33 CreateNewAccountPageTest.java INFO  [main] base.TestBase 24 - Test stated ....................
12-10-2024 15:52:35 CreateNewAccountPageTest.java INFO  [main] base.TestBase 78 - multipleSignUp 
12-10-2024 15:52:56 CreateNewAccountPageTest.java INFO  [main] base.TestBase 88 - Test completed ....................................
12-10-2024 15:52:56 TestBase.java INFO  [main] base.TestBase 36 - Browser Name : Chrome
12-10-2024 15:52:59 HomePageTest.java INFO  [main] base.TestBase 22 - Test stated ....................
12-10-2024 15:53:14 HomePageTest.java INFO  [main] base.TestBase 34 - Login page title ..
12-10-2024 15:53:14 HomePageTest.java INFO  [main] base.TestBase 107 - Test completed ....................................
12-10-2024 15:53:15 TestBase.java INFO  [main] base.TestBase 36 - Browser Name : Chrome
12-10-2024 15:53:17 HomePageTest.java INFO  [main] base.TestBase 22 - Test stated ....................
12-10-2024 15:53:33 HomePageTest.java INFO  [main] base.TestBase 45 - fbLogoImage.....
12-10-2024 15:53:33 HomePageTest.java INFO  [main] base.TestBase 107 - Test completed ....................................
12-10-2024 15:53:34 TestBase.java INFO  [main] base.TestBase 36 - Browser Name : Chrome
12-10-2024 15:53:36 HomePageTest.java INFO  [main] base.TestBase 22 - Test stated ....................
12-10-2024 15:53:52 HomePageTest.java INFO  [main] base.TestBase 58 - Message page running.......
12-10-2024 15:53:57 HomePageTest.java INFO  [main] base.TestBase 107 - Test completed ....................................
12-10-2024 15:53:58 TestBase.java INFO  [main] base.TestBase 36 - Browser Name : Chrome
12-10-2024 15:54:00 HomePageTest.java INFO  [main] base.TestBase 22 - Test stated ....................
12-10-2024 15:54:16 HomePageTest.java INFO  [main] base.TestBase 69 - notificationPage
12-10-2024 15:54:21 HomePageTest.java INFO  [main] base.TestBase 107 - Test completed ....................................
12-10-2024 15:54:22 TestBase.java INFO  [main] base.TestBase 36 - Browser Name : Chrome
12-10-2024 15:54:24 HomePageTest.java INFO  [main] base.TestBase 22 - Test stated ....................
12-10-2024 15:54:40 HomePageTest.java INFO  [main] base.TestBase 90 - friendsPage
12-10-2024 15:54:45 HomePageTest.java INFO  [main] base.TestBase 107 - Test completed ....................................
12-10-2024 15:54:46 TestBase.java INFO  [main] base.TestBase 36 - Browser Name : Chrome
12-10-2024 15:54:48 HomePageTest.java INFO  [main] base.TestBase 22 - Test stated ....................
12-10-2024 15:55:04 HomePageTest.java INFO  [main] base.TestBase 80 - profilePages
12-10-2024 15:55:09 HomePageTest.java INFO  [main] base.TestBase 107 - Test completed ....................................
12-10-2024 15:55:09 TestBase.java INFO  [main] base.TestBase 36 - Browser Name : Chrome
12-10-2024 15:55:12 HomePageTest.java INFO  [main] base.TestBase 22 - Test stated ....................
12-10-2024 15:55:27 HomePageTest.java INFO  [main] base.TestBase 101 - videosPage
12-10-2024 15:55:33 HomePageTest.java INFO  [main] base.TestBase 107 - Test completed ....................................
12-10-2024 15:55:33 TestBase.java INFO  [main] base.TestBase 36 - Browser Name : Chrome
12-10-2024 15:55:36 ProfilePageTest.java INFO  [main] base.TestBase 19 - Test stated ....................
12-10-2024 15:55:57 ProfilePageTest.java INFO  [main] base.TestBase 31 -  profilePageTitle .....
12-10-2024 15:55:57 ProfilePageTest.java INFO  [main] base.TestBase 80 - Test completed ....................................
12-10-2024 15:55:57 TestBase.java INFO  [main] base.TestBase 36 - Browser Name : Chrome
12-10-2024 15:56:00 ProfilePageTest.java INFO  [main] base.TestBase 19 - Test stated ....................
12-10-2024 15:56:21 ProfilePageTest.java INFO  [main] base.TestBase 42 - bioPage..............
12-10-2024 15:56:35 ProfilePageTest.java INFO  [main] base.TestBase 80 - Test completed ....................................
12-10-2024 15:56:35 TestBase.java INFO  [main] base.TestBase 36 - Browser Name : Chrome
12-10-2024 15:56:38 ProfilePageTest.java INFO  [main] base.TestBase 19 - Test stated ....................
12-10-2024 15:56:58 ProfilePageTest.java INFO  [main] base.TestBase 52 - aboutPage..................
12-10-2024 15:57:04 ProfilePageTest.java INFO  [main] base.TestBase 80 - Test completed ....................................
12-10-2024 15:57:04 TestBase.java INFO  [main] base.TestBase 36 - Browser Name : Chrome
12-10-2024 15:57:07 ProfilePageTest.java INFO  [main] base.TestBase 19 - Test stated ....................
12-10-2024 15:57:28 ProfilePageTest.java INFO  [main] base.TestBase 63 - photosPage............
12-10-2024 15:57:34 ProfilePageTest.java INFO  [main] base.TestBase 80 - Test completed ....................................
12-10-2024 15:57:34 TestBase.java INFO  [main] base.TestBase 36 - Browser Name : Chrome
12-10-2024 15:57:36 ProfilePageTest.java INFO  [main] base.TestBase 19 - Test stated ....................
12-10-2024 15:57:57 ProfilePageTest.java INFO  [main] base.TestBase 73 - videosPage......
12-10-2024 15:58:03 ProfilePageTest.java INFO  [main] base.TestBase 80 - Test completed ....................................
12-10-2024 15:58:03 TestBase.java INFO  [main] base.TestBase 36 - Browser Name : Chrome
12-10-2024 15:58:05 FriendsPageTest.java INFO  [main] base.TestBase 21 - Test stated ....................
12-10-2024 15:58:26 FriendsPageTest.java INFO  [main] base.TestBase 33 - FriendsPageTitle
12-10-2024 15:58:26 FriendsPageTest.java INFO  [main] base.TestBase 44 - friendRequestPage...
12-10-2024 15:58:37 FriendsPageTest.java INFO  [main] base.TestBase 54 - Friends suggestionsPage
12-10-2024 15:58:42 FriendsPageTest.java INFO  [main] base.TestBase 65 - allFriendsPage...
12-10-2024 15:58:48 FriendsPageTest.java INFO  [main] base.TestBase 75 - birthdaysPage.....
12-10-2024 15:58:53 FriendsPageTest.java INFO  [main] base.TestBase 81 - Test completed ....................................
12-10-2024 15:58:54 _Log4jLoggerFactory.java DEBUG [main] freemarker.cache 45 - Couldn't find template in cache for "spark/spark.spa.ftl"("en_IN", UTF-8, parsed); will try to load it.
12-10-2024 15:58:54 _Log4jLoggerFactory.java DEBUG [main] freemarker.cache 45 - TemplateLoader.findTemplateSource("spark/spark.spa_en_IN.ftl"): Not found
12-10-2024 15:58:54 _Log4jLoggerFactory.java DEBUG [main] freemarker.cache 45 - TemplateLoader.findTemplateSource("spark/spark.spa_en.ftl"): Not found
12-10-2024 15:58:55 _Log4jLoggerFactory.java DEBUG [main] freemarker.cache 45 - TemplateLoader.findTemplateSource("spark/spark.spa.ftl"): Found
12-10-2024 15:58:55 _Log4jLoggerFactory.java DEBUG [main] freemarker.cache 45 - Loading template for "spark/spark.spa.ftl"("en_IN", UTF-8, parsed) from "jar:file:/C:/Users/dhars/.m2/repository/com/aventstack/extentreports/5.0.5/extentreports-5.0.5.jar!/com/aventstack/extentreports/templates/spark/spark.spa.ftl"
12-10-2024 15:58:55 _Log4jLoggerFactory.java DEBUG [main] freemarker.cache 45 - Couldn't find template in cache for "commons/commons-variables.ftl"("en_IN", UTF-8, parsed); will try to load it.
12-10-2024 15:58:55 _Log4jLoggerFactory.java DEBUG [main] freemarker.cache 45 - TemplateLoader.findTemplateSource("commons/commons-variables_en_IN.ftl"): Not found
12-10-2024 15:58:55 _Log4jLoggerFactory.java DEBUG [main] freemarker.cache 45 - TemplateLoader.findTemplateSource("commons/commons-variables_en.ftl"): Not found
12-10-2024 15:58:55 _Log4jLoggerFactory.java DEBUG [main] freemarker.cache 45 - TemplateLoader.findTemplateSource("commons/commons-variables.ftl"): Found
12-10-2024 15:58:55 _Log4jLoggerFactory.java DEBUG [main] freemarker.cache 45 - Loading template for "commons/commons-variables.ftl"("en_IN", UTF-8, parsed) from "jar:file:/C:/Users/dhars/.m2/repository/com/aventstack/extentreports/5.0.5/extentreports-5.0.5.jar!/com/aventstack/extentreports/templates/commons/commons-variables.ftl"
12-10-2024 15:58:55 _Log4jLoggerFactory.java DEBUG [main] freemarker.cache 45 - Couldn't find template in cache for "commons/commons-macros.ftl"("en_IN", UTF-8, parsed); will try to load it.
12-10-2024 15:58:55 _Log4jLoggerFactory.java DEBUG [main] freemarker.cache 45 - TemplateLoader.findTemplateSource("commons/commons-macros_en_IN.ftl"): Not found
12-10-2024 15:58:55 _Log4jLoggerFactory.java DEBUG [main] freemarker.cache 45 - TemplateLoader.findTemplateSource("commons/commons-macros_en.ftl"): Not found
12-10-2024 15:58:55 _Log4jLoggerFactory.java DEBUG [main] freemarker.cache 45 - TemplateLoader.findTemplateSource("commons/commons-macros.ftl"): Found
12-10-2024 15:58:55 _Log4jLoggerFactory.java DEBUG [main] freemarker.cache 45 - Loading template for "commons/commons-macros.ftl"("en_IN", UTF-8, parsed) from "jar:file:/C:/Users/dhars/.m2/repository/com/aventstack/extentreports/5.0.5/extentreports-5.0.5.jar!/com/aventstack/extentreports/templates/commons/commons-macros.ftl"
12-10-2024 15:58:55 _Log4jLoggerFactory.java DEBUG [main] freemarker.cache 45 - Couldn't find template in cache for "spark/macros/attributes.ftl"("en_IN", UTF-8, parsed); will try to load it.
12-10-2024 15:58:55 _Log4jLoggerFactory.java DEBUG [main] freemarker.cache 45 - TemplateLoader.findTemplateSource("spark/macros/attributes_en_IN.ftl"): Not found
12-10-2024 15:58:55 _Log4jLoggerFactory.java DEBUG [main] freemarker.cache 45 - TemplateLoader.findTemplateSource("spark/macros/attributes_en.ftl"): Not found
12-10-2024 15:58:55 _Log4jLoggerFactory.java DEBUG [main] freemarker.cache 45 - TemplateLoader.findTemplateSource("spark/macros/attributes.ftl"): Found
12-10-2024 15:58:55 _Log4jLoggerFactory.java DEBUG [main] freemarker.cache 45 - Loading template for "spark/macros/attributes.ftl"("en_IN", UTF-8, parsed) from "jar:file:/C:/Users/dhars/.m2/repository/com/aventstack/extentreports/5.0.5/extentreports-5.0.5.jar!/com/aventstack/extentreports/templates/spark/macros/attributes.ftl"
12-10-2024 15:58:55 _Log4jLoggerFactory.java DEBUG [main] freemarker.cache 45 - Couldn't find template in cache for "spark/macros/log.ftl"("en_IN", UTF-8, parsed); will try to load it.
12-10-2024 15:58:55 _Log4jLoggerFactory.java DEBUG [main] freemarker.cache 45 - TemplateLoader.findTemplateSource("spark/macros/log_en_IN.ftl"): Not found
12-10-2024 15:58:55 _Log4jLoggerFactory.java DEBUG [main] freemarker.cache 45 - TemplateLoader.findTemplateSource("spark/macros/log_en.ftl"): Not found
12-10-2024 15:58:55 _Log4jLoggerFactory.java DEBUG [main] freemarker.cache 45 - TemplateLoader.findTemplateSource("spark/macros/log.ftl"): Found
12-10-2024 15:58:55 _Log4jLoggerFactory.java DEBUG [main] freemarker.cache 45 - Loading template for "spark/macros/log.ftl"("en_IN", UTF-8, parsed) from "jar:file:/C:/Users/dhars/.m2/repository/com/aventstack/extentreports/5.0.5/extentreports-5.0.5.jar!/com/aventstack/extentreports/templates/spark/macros/log.ftl"
12-10-2024 15:58:55 _Log4jLoggerFactory.java DEBUG [main] freemarker.cache 45 - Couldn't find template in cache for "spark/macros/recurse_nodes.ftl"("en_IN", UTF-8, parsed); will try to load it.
12-10-2024 15:58:55 _Log4jLoggerFactory.java DEBUG [main] freemarker.cache 45 - TemplateLoader.findTemplateSource("spark/macros/recurse_nodes_en_IN.ftl"): Not found
12-10-2024 15:58:55 _Log4jLoggerFactory.java DEBUG [main] freemarker.cache 45 - TemplateLoader.findTemplateSource("spark/macros/recurse_nodes_en.ftl"): Not found
12-10-2024 15:58:55 _Log4jLoggerFactory.java DEBUG [main] freemarker.cache 45 - TemplateLoader.findTemplateSource("spark/macros/recurse_nodes.ftl"): Found
12-10-2024 15:58:55 _Log4jLoggerFactory.java DEBUG [main] freemarker.cache 45 - Loading template for "spark/macros/recurse_nodes.ftl"("en_IN", UTF-8, parsed) from "jar:file:/C:/Users/dhars/.m2/repository/com/aventstack/extentreports/5.0.5/extentreports-5.0.5.jar!/com/aventstack/extentreports/templates/spark/macros/recurse_nodes.ftl"
12-10-2024 15:58:55 _Log4jLoggerFactory.java DEBUG [main] freemarker.cache 45 - "spark/macros/log.ftl"("en_IN", UTF-8, parsed) cached copy not yet stale; using cached.
12-10-2024 15:58:55 _Log4jLoggerFactory.java DEBUG [main] freemarker.cache 45 - Couldn't find template in cache for "spark/macros/attr-common.ftl"("en_IN", UTF-8, parsed); will try to load it.
12-10-2024 15:58:55 _Log4jLoggerFactory.java DEBUG [main] freemarker.cache 45 - TemplateLoader.findTemplateSource("spark/macros/attr-common_en_IN.ftl"): Not found
12-10-2024 15:58:55 _Log4jLoggerFactory.java DEBUG [main] freemarker.cache 45 - TemplateLoader.findTemplateSource("spark/macros/attr-common_en.ftl"): Not found
12-10-2024 15:58:55 _Log4jLoggerFactory.java DEBUG [main] freemarker.cache 45 - TemplateLoader.findTemplateSource("spark/macros/attr-common.ftl"): Found
12-10-2024 15:58:55 _Log4jLoggerFactory.java DEBUG [main] freemarker.cache 45 - Loading template for "spark/macros/attr-common.ftl"("en_IN", UTF-8, parsed) from "jar:file:/C:/Users/dhars/.m2/repository/com/aventstack/extentreports/5.0.5/extentreports-5.0.5.jar!/com/aventstack/extentreports/templates/spark/macros/attr-common.ftl"
12-10-2024 15:58:55 _Log4jLoggerFactory.java DEBUG [main] freemarker.cache 45 - Couldn't find template in cache for "spark/partials/head.ftl"("en_IN", UTF-8, parsed); will try to load it.
12-10-2024 15:58:55 _Log4jLoggerFactory.java DEBUG [main] freemarker.cache 45 - TemplateLoader.findTemplateSource("spark/partials/head_en_IN.ftl"): Not found
12-10-2024 15:58:55 _Log4jLoggerFactory.java DEBUG [main] freemarker.cache 45 - TemplateLoader.findTemplateSource("spark/partials/head_en.ftl"): Not found
12-10-2024 15:58:55 _Log4jLoggerFactory.java DEBUG [main] freemarker.cache 45 - TemplateLoader.findTemplateSource("spark/partials/head.ftl"): Found
12-10-2024 15:58:55 _Log4jLoggerFactory.java DEBUG [main] freemarker.cache 45 - Loading template for "spark/partials/head.ftl"("en_IN", UTF-8, parsed) from "jar:file:/C:/Users/dhars/.m2/repository/com/aventstack/extentreports/5.0.5/extentreports-5.0.5.jar!/com/aventstack/extentreports/templates/spark/partials/head.ftl"
12-10-2024 15:58:55 _Log4jLoggerFactory.java DEBUG [main] freemarker.cache 45 - Couldn't find template in cache for "commons/commons-inject-css.ftl"("en_IN", UTF-8, parsed); will try to load it.
12-10-2024 15:58:55 _Log4jLoggerFactory.java DEBUG [main] freemarker.cache 45 - TemplateLoader.findTemplateSource("commons/commons-inject-css_en_IN.ftl"): Not found
12-10-2024 15:58:55 _Log4jLoggerFactory.java DEBUG [main] freemarker.cache 45 - TemplateLoader.findTemplateSource("commons/commons-inject-css_en.ftl"): Not found
12-10-2024 15:58:55 _Log4jLoggerFactory.java DEBUG [main] freemarker.cache 45 - TemplateLoader.findTemplateSource("commons/commons-inject-css.ftl"): Found
12-10-2024 15:58:55 _Log4jLoggerFactory.java DEBUG [main] freemarker.cache 45 - Loading template for "commons/commons-inject-css.ftl"("en_IN", UTF-8, parsed) from "jar:file:/C:/Users/dhars/.m2/repository/com/aventstack/extentreports/5.0.5/extentreports-5.0.5.jar!/com/aventstack/extentreports/templates/commons/commons-inject-css.ftl"
12-10-2024 15:58:55 _Log4jLoggerFactory.java DEBUG [main] freemarker.cache 45 - Couldn't find template in cache for "spark/partials/navbar.ftl"("en_IN", UTF-8, parsed); will try to load it.
12-10-2024 15:58:55 _Log4jLoggerFactory.java DEBUG [main] freemarker.cache 45 - TemplateLoader.findTemplateSource("spark/partials/navbar_en_IN.ftl"): Not found
12-10-2024 15:58:55 _Log4jLoggerFactory.java DEBUG [main] freemarker.cache 45 - TemplateLoader.findTemplateSource("spark/partials/navbar_en.ftl"): Not found
12-10-2024 15:58:55 _Log4jLoggerFactory.java DEBUG [main] freemarker.cache 45 - TemplateLoader.findTemplateSource("spark/partials/navbar.ftl"): Found
12-10-2024 15:58:55 _Log4jLoggerFactory.java DEBUG [main] freemarker.cache 45 - Loading template for "spark/partials/navbar.ftl"("en_IN", UTF-8, parsed) from "jar:file:/C:/Users/dhars/.m2/repository/com/aventstack/extentreports/5.0.5/extentreports-5.0.5.jar!/com/aventstack/extentreports/templates/spark/partials/navbar.ftl"
12-10-2024 15:58:55 _Log4jLoggerFactory.java DEBUG [main] freemarker.cache 45 - Couldn't find template in cache for "spark/partials/sidenav.ftl"("en_IN", UTF-8, parsed); will try to load it.
12-10-2024 15:58:55 _Log4jLoggerFactory.java DEBUG [main] freemarker.cache 45 - TemplateLoader.findTemplateSource("spark/partials/sidenav_en_IN.ftl"): Not found
12-10-2024 15:58:55 _Log4jLoggerFactory.java DEBUG [main] freemarker.cache 45 - TemplateLoader.findTemplateSource("spark/partials/sidenav_en.ftl"): Not found
12-10-2024 15:58:55 _Log4jLoggerFactory.java DEBUG [main] freemarker.cache 45 - TemplateLoader.findTemplateSource("spark/partials/sidenav.ftl"): Found
12-10-2024 15:58:55 _Log4jLoggerFactory.java DEBUG [main] freemarker.cache 45 - Loading template for "spark/partials/sidenav.ftl"("en_IN", UTF-8, parsed) from "jar:file:/C:/Users/dhars/.m2/repository/com/aventstack/extentreports/5.0.5/extentreports-5.0.5.jar!/com/aventstack/extentreports/templates/spark/partials/sidenav.ftl"
12-10-2024 15:58:55 _Log4jLoggerFactory.java DEBUG [main] freemarker.cache 45 - Couldn't find template in cache for "spark/partials/test.ftl"("en_IN", UTF-8, parsed); will try to load it.
12-10-2024 15:58:55 _Log4jLoggerFactory.java DEBUG [main] freemarker.cache 45 - TemplateLoader.findTemplateSource("spark/partials/test_en_IN.ftl"): Not found
12-10-2024 15:58:55 _Log4jLoggerFactory.java DEBUG [main] freemarker.cache 45 - TemplateLoader.findTemplateSource("spark/partials/test_en.ftl"): Not found
12-10-2024 15:58:55 _Log4jLoggerFactory.java DEBUG [main] freemarker.cache 45 - TemplateLoader.findTemplateSource("spark/partials/test.ftl"): Found
12-10-2024 15:58:55 _Log4jLoggerFactory.java DEBUG [main] freemarker.cache 45 - Loading template for "spark/partials/test.ftl"("en_IN", UTF-8, parsed) from "jar:file:/C:/Users/dhars/.m2/repository/com/aventstack/extentreports/5.0.5/extentreports-5.0.5.jar!/com/aventstack/extentreports/templates/spark/partials/test.ftl"
12-10-2024 15:58:55 _Log4jLoggerFactory.java DEBUG [main] freemarker.cache 45 - Couldn't find template in cache for "spark/partials/standard-content.ftl"("en_IN", UTF-8, parsed); will try to load it.
12-10-2024 15:58:55 _Log4jLoggerFactory.java DEBUG [main] freemarker.cache 45 - TemplateLoader.findTemplateSource("spark/partials/standard-content_en_IN.ftl"): Not found
12-10-2024 15:58:55 _Log4jLoggerFactory.java DEBUG [main] freemarker.cache 45 - TemplateLoader.findTemplateSource("spark/partials/standard-content_en.ftl"): Not found
12-10-2024 15:58:55 _Log4jLoggerFactory.java DEBUG [main] freemarker.cache 45 - TemplateLoader.findTemplateSource("spark/partials/standard-content.ftl"): Found
12-10-2024 15:58:55 _Log4jLoggerFactory.java DEBUG [main] freemarker.cache 45 - Loading template for "spark/partials/standard-content.ftl"("en_IN", UTF-8, parsed) from "jar:file:/C:/Users/dhars/.m2/repository/com/aventstack/extentreports/5.0.5/extentreports-5.0.5.jar!/com/aventstack/extentreports/templates/spark/partials/standard-content.ftl"
12-10-2024 15:58:55 _Log4jLoggerFactory.java DEBUG [main] freemarker.cache 45 - "spark/partials/standard-content.ftl"("en_IN", UTF-8, parsed) cached copy not yet stale; using cached.
12-10-2024 15:58:55 _Log4jLoggerFactory.java DEBUG [main] freemarker.cache 45 - "spark/partials/standard-content.ftl"("en_IN", UTF-8, parsed) cached copy not yet stale; using cached.
12-10-2024 15:58:55 _Log4jLoggerFactory.java DEBUG [main] freemarker.cache 45 - "spark/partials/standard-content.ftl"("en_IN", UTF-8, parsed) cached copy not yet stale; using cached.
12-10-2024 15:58:55 _Log4jLoggerFactory.java DEBUG [main] freemarker.cache 45 - "spark/partials/standard-content.ftl"("en_IN", UTF-8, parsed) cached copy not yet stale; using cached.
12-10-2024 15:58:55 _Log4jLoggerFactory.java DEBUG [main] freemarker.cache 45 - "spark/partials/standard-content.ftl"("en_IN", UTF-8, parsed) cached copy not yet stale; using cached.
12-10-2024 15:58:55 _Log4jLoggerFactory.java DEBUG [main] freemarker.cache 45 - "spark/partials/standard-content.ftl"("en_IN", UTF-8, parsed) cached copy not yet stale; using cached.
12-10-2024 15:58:55 _Log4jLoggerFactory.java DEBUG [main] freemarker.cache 45 - "spark/partials/standard-content.ftl"("en_IN", UTF-8, parsed) cached copy not yet stale; using cached.
12-10-2024 15:58:55 _Log4jLoggerFactory.java DEBUG [main] freemarker.cache 45 - "spark/partials/standard-content.ftl"("en_IN", UTF-8, parsed) cached copy not yet stale; using cached.
12-10-2024 15:58:55 _Log4jLoggerFactory.java DEBUG [main] freemarker.cache 45 - "spark/partials/standard-content.ftl"("en_IN", UTF-8, parsed) cached copy not yet stale; using cached.
12-10-2024 15:58:55 _Log4jLoggerFactory.java DEBUG [main] freemarker.cache 45 - "spark/partials/standard-content.ftl"("en_IN", UTF-8, parsed) cached copy not yet stale; using cached.
12-10-2024 15:58:55 _Log4jLoggerFactory.java DEBUG [main] freemarker.cache 45 - "spark/partials/standard-content.ftl"("en_IN", UTF-8, parsed) cached copy not yet stale; using cached.
12-10-2024 15:58:55 _Log4jLoggerFactory.java DEBUG [main] freemarker.cache 45 - "spark/partials/standard-content.ftl"("en_IN", UTF-8, parsed) cached copy not yet stale; using cached.
12-10-2024 15:58:55 _Log4jLoggerFactory.java DEBUG [main] freemarker.cache 45 - "spark/partials/standard-content.ftl"("en_IN", UTF-8, parsed) cached copy not yet stale; using cached.
12-10-2024 15:58:55 _Log4jLoggerFactory.java DEBUG [main] freemarker.cache 45 - "spark/partials/standard-content.ftl"("en_IN", UTF-8, parsed) cached copy not yet stale; using cached.
12-10-2024 15:58:55 _Log4jLoggerFactory.java DEBUG [main] freemarker.cache 45 - "spark/partials/standard-content.ftl"("en_IN", UTF-8, parsed) cached copy not yet stale; using cached.
12-10-2024 15:58:55 _Log4jLoggerFactory.java DEBUG [main] freemarker.cache 45 - "spark/partials/standard-content.ftl"("en_IN", UTF-8, parsed) cached copy not yet stale; using cached.
12-10-2024 15:58:55 _Log4jLoggerFactory.java DEBUG [main] freemarker.cache 45 - "spark/partials/standard-content.ftl"("en_IN", UTF-8, parsed) cached copy not yet stale; using cached.
12-10-2024 15:58:55 _Log4jLoggerFactory.java DEBUG [main] freemarker.cache 45 - "spark/partials/standard-content.ftl"("en_IN", UTF-8, parsed) cached copy not yet stale; using cached.
12-10-2024 15:58:55 _Log4jLoggerFactory.java DEBUG [main] freemarker.cache 45 - "spark/partials/standard-content.ftl"("en_IN", UTF-8, parsed) cached copy not yet stale; using cached.
12-10-2024 15:58:55 _Log4jLoggerFactory.java DEBUG [main] freemarker.cache 45 - "spark/partials/standard-content.ftl"("en_IN", UTF-8, parsed) cached copy not yet stale; using cached.
12-10-2024 15:58:55 _Log4jLoggerFactory.java DEBUG [main] freemarker.cache 45 - "spark/partials/standard-content.ftl"("en_IN", UTF-8, parsed) cached copy not yet stale; using cached.
12-10-2024 15:58:55 _Log4jLoggerFactory.java DEBUG [main] freemarker.cache 45 - "spark/partials/standard-content.ftl"("en_IN", UTF-8, parsed) cached copy not yet stale; using cached.
12-10-2024 15:58:55 _Log4jLoggerFactory.java DEBUG [main] freemarker.cache 45 - "spark/partials/standard-content.ftl"("en_IN", UTF-8, parsed) cached copy not yet stale; using cached.
12-10-2024 15:58:55 _Log4jLoggerFactory.java DEBUG [main] freemarker.cache 45 - "spark/partials/standard-content.ftl"("en_IN", UTF-8, parsed) cached copy not yet stale; using cached.
12-10-2024 15:58:55 _Log4jLoggerFactory.java DEBUG [main] freemarker.cache 45 - "spark/partials/standard-content.ftl"("en_IN", UTF-8, parsed) cached copy not yet stale; using cached.
12-10-2024 15:58:55 _Log4jLoggerFactory.java DEBUG [main] freemarker.cache 45 - "spark/partials/standard-content.ftl"("en_IN", UTF-8, parsed) cached copy not yet stale; using cached.
12-10-2024 15:58:55 _Log4jLoggerFactory.java DEBUG [main] freemarker.cache 45 - "spark/partials/standard-content.ftl"("en_IN", UTF-8, parsed) cached copy not yet stale; using cached.
12-10-2024 15:58:55 _Log4jLoggerFactory.java DEBUG [main] freemarker.cache 45 - "spark/partials/standard-content.ftl"("en_IN", UTF-8, parsed) cached copy not yet stale; using cached.
12-10-2024 15:58:55 _Log4jLoggerFactory.java DEBUG [main] freemarker.cache 45 - "spark/partials/standard-content.ftl"("en_IN", UTF-8, parsed) cached copy not yet stale; using cached.
12-10-2024 15:58:55 _Log4jLoggerFactory.java DEBUG [main] freemarker.cache 45 - "spark/partials/standard-content.ftl"("en_IN", UTF-8, parsed) cached copy not yet stale; using cached.
12-10-2024 15:58:55 _Log4jLoggerFactory.java DEBUG [main] freemarker.cache 45 - "spark/partials/standard-content.ftl"("en_IN", UTF-8, parsed) cached copy not yet stale; using cached.
12-10-2024 15:58:55 _Log4jLoggerFactory.java DEBUG [main] freemarker.cache 45 - "spark/partials/standard-content.ftl"("en_IN", UTF-8, parsed) cached copy not yet stale; using cached.
12-10-2024 15:58:55 _Log4jLoggerFactory.java DEBUG [main] freemarker.cache 45 - "spark/partials/standard-content.ftl"("en_IN", UTF-8, parsed) cached copy not yet stale; using cached.
12-10-2024 15:58:55 _Log4jLoggerFactory.java DEBUG [main] freemarker.cache 45 - "spark/partials/standard-content.ftl"("en_IN", UTF-8, parsed) cached copy not yet stale; using cached.
12-10-2024 15:58:55 _Log4jLoggerFactory.java DEBUG [main] freemarker.cache 45 - "spark/partials/standard-content.ftl"("en_IN", UTF-8, parsed) cached copy not yet stale; using cached.
12-10-2024 15:58:55 _Log4jLoggerFactory.java DEBUG [main] freemarker.cache 45 - "spark/partials/standard-content.ftl"("en_IN", UTF-8, parsed) cached copy not yet stale; using cached.
12-10-2024 15:58:55 _Log4jLoggerFactory.java DEBUG [main] freemarker.cache 45 - "spark/partials/standard-content.ftl"("en_IN", UTF-8, parsed) cached copy not yet stale; using cached.
12-10-2024 15:58:55 _Log4jLoggerFactory.java DEBUG [main] freemarker.cache 45 - "spark/partials/standard-content.ftl"("en_IN", UTF-8, parsed) cached copy not yet stale; using cached.
12-10-2024 15:58:55 _Log4jLoggerFactory.java DEBUG [main] freemarker.cache 45 - "spark/partials/standard-content.ftl"("en_IN", UTF-8, parsed) cached copy not yet stale; using cached.
12-10-2024 15:58:55 _Log4jLoggerFactory.java DEBUG [main] freemarker.cache 45 - Couldn't find template in cache for "spark/partials/exception.ftl"("en_IN", UTF-8, parsed); will try to load it.
12-10-2024 15:58:55 _Log4jLoggerFactory.java DEBUG [main] freemarker.cache 45 - TemplateLoader.findTemplateSource("spark/partials/exception_en_IN.ftl"): Not found
12-10-2024 15:58:55 _Log4jLoggerFactory.java DEBUG [main] freemarker.cache 45 - TemplateLoader.findTemplateSource("spark/partials/exception_en.ftl"): Not found
12-10-2024 15:58:55 _Log4jLoggerFactory.java DEBUG [main] freemarker.cache 45 - TemplateLoader.findTemplateSource("spark/partials/exception.ftl"): Found
12-10-2024 15:58:55 _Log4jLoggerFactory.java DEBUG [main] freemarker.cache 45 - Loading template for "spark/partials/exception.ftl"("en_IN", UTF-8, parsed) from "jar:file:/C:/Users/dhars/.m2/repository/com/aventstack/extentreports/5.0.5/extentreports-5.0.5.jar!/com/aventstack/extentreports/templates/spark/partials/exception.ftl"
12-10-2024 15:58:55 _Log4jLoggerFactory.java DEBUG [main] freemarker.cache 45 - Couldn't find template in cache for "spark/partials/category.ftl"("en_IN", UTF-8, parsed); will try to load it.
12-10-2024 15:58:55 _Log4jLoggerFactory.java DEBUG [main] freemarker.cache 45 - TemplateLoader.findTemplateSource("spark/partials/category_en_IN.ftl"): Not found
12-10-2024 15:58:55 _Log4jLoggerFactory.java DEBUG [main] freemarker.cache 45 - TemplateLoader.findTemplateSource("spark/partials/category_en.ftl"): Not found
12-10-2024 15:58:55 _Log4jLoggerFactory.java DEBUG [main] freemarker.cache 45 - TemplateLoader.findTemplateSource("spark/partials/category.ftl"): Found
12-10-2024 15:58:55 _Log4jLoggerFactory.java DEBUG [main] freemarker.cache 45 - Loading template for "spark/partials/category.ftl"("en_IN", UTF-8, parsed) from "jar:file:/C:/Users/dhars/.m2/repository/com/aventstack/extentreports/5.0.5/extentreports-5.0.5.jar!/com/aventstack/extentreports/templates/spark/partials/category.ftl"
12-10-2024 15:58:55 _Log4jLoggerFactory.java DEBUG [main] freemarker.cache 45 - Couldn't find template in cache for "spark/partials/device.ftl"("en_IN", UTF-8, parsed); will try to load it.
12-10-2024 15:58:55 _Log4jLoggerFactory.java DEBUG [main] freemarker.cache 45 - TemplateLoader.findTemplateSource("spark/partials/device_en_IN.ftl"): Not found
12-10-2024 15:58:55 _Log4jLoggerFactory.java DEBUG [main] freemarker.cache 45 - TemplateLoader.findTemplateSource("spark/partials/device_en.ftl"): Not found
12-10-2024 15:58:55 _Log4jLoggerFactory.java DEBUG [main] freemarker.cache 45 - TemplateLoader.findTemplateSource("spark/partials/device.ftl"): Found
12-10-2024 15:58:55 _Log4jLoggerFactory.java DEBUG [main] freemarker.cache 45 - Loading template for "spark/partials/device.ftl"("en_IN", UTF-8, parsed) from "jar:file:/C:/Users/dhars/.m2/repository/com/aventstack/extentreports/5.0.5/extentreports-5.0.5.jar!/com/aventstack/extentreports/templates/spark/partials/device.ftl"
12-10-2024 15:58:55 _Log4jLoggerFactory.java DEBUG [main] freemarker.cache 45 - Couldn't find template in cache for "spark/partials/author.ftl"("en_IN", UTF-8, parsed); will try to load it.
12-10-2024 15:58:55 _Log4jLoggerFactory.java DEBUG [main] freemarker.cache 45 - TemplateLoader.findTemplateSource("spark/partials/author_en_IN.ftl"): Not found
12-10-2024 15:58:55 _Log4jLoggerFactory.java DEBUG [main] freemarker.cache 45 - TemplateLoader.findTemplateSource("spark/partials/author_en.ftl"): Not found
12-10-2024 15:58:55 _Log4jLoggerFactory.java DEBUG [main] freemarker.cache 45 - TemplateLoader.findTemplateSource("spark/partials/author.ftl"): Found
12-10-2024 15:58:55 _Log4jLoggerFactory.java DEBUG [main] freemarker.cache 45 - Loading template for "spark/partials/author.ftl"("en_IN", UTF-8, parsed) from "jar:file:/C:/Users/dhars/.m2/repository/com/aventstack/extentreports/5.0.5/extentreports-5.0.5.jar!/com/aventstack/extentreports/templates/spark/partials/author.ftl"
12-10-2024 15:58:55 _Log4jLoggerFactory.java DEBUG [main] freemarker.cache 45 - Couldn't find template in cache for "spark/partials/log.ftl"("en_IN", UTF-8, parsed); will try to load it.
12-10-2024 15:58:55 _Log4jLoggerFactory.java DEBUG [main] freemarker.cache 45 - TemplateLoader.findTemplateSource("spark/partials/log_en_IN.ftl"): Not found
12-10-2024 15:58:55 _Log4jLoggerFactory.java DEBUG [main] freemarker.cache 45 - TemplateLoader.findTemplateSource("spark/partials/log_en.ftl"): Not found
12-10-2024 15:58:55 _Log4jLoggerFactory.java DEBUG [main] freemarker.cache 45 - TemplateLoader.findTemplateSource("spark/partials/log.ftl"): Found
12-10-2024 15:58:55 _Log4jLoggerFactory.java DEBUG [main] freemarker.cache 45 - Loading template for "spark/partials/log.ftl"("en_IN", UTF-8, parsed) from "jar:file:/C:/Users/dhars/.m2/repository/com/aventstack/extentreports/5.0.5/extentreports-5.0.5.jar!/com/aventstack/extentreports/templates/spark/partials/log.ftl"
12-10-2024 15:58:55 _Log4jLoggerFactory.java DEBUG [main] freemarker.cache 45 - Couldn't find template in cache for "spark/partials/dashboard.ftl"("en_IN", UTF-8, parsed); will try to load it.
12-10-2024 15:58:55 _Log4jLoggerFactory.java DEBUG [main] freemarker.cache 45 - TemplateLoader.findTemplateSource("spark/partials/dashboard_en_IN.ftl"): Not found
12-10-2024 15:58:55 _Log4jLoggerFactory.java DEBUG [main] freemarker.cache 45 - TemplateLoader.findTemplateSource("spark/partials/dashboard_en.ftl"): Not found
12-10-2024 15:58:55 _Log4jLoggerFactory.java DEBUG [main] freemarker.cache 45 - TemplateLoader.findTemplateSource("spark/partials/dashboard.ftl"): Found
12-10-2024 15:58:55 _Log4jLoggerFactory.java DEBUG [main] freemarker.cache 45 - Loading template for "spark/partials/dashboard.ftl"("en_IN", UTF-8, parsed) from "jar:file:/C:/Users/dhars/.m2/repository/com/aventstack/extentreports/5.0.5/extentreports-5.0.5.jar!/com/aventstack/extentreports/templates/spark/partials/dashboard.ftl"
12-10-2024 15:58:56 _Log4jLoggerFactory.java DEBUG [main] freemarker.cache 45 - Couldn't find template in cache for "spark/partials/scripts.ftl"("en_IN", UTF-8, parsed); will try to load it.
12-10-2024 15:58:56 _Log4jLoggerFactory.java DEBUG [main] freemarker.cache 45 - TemplateLoader.findTemplateSource("spark/partials/scripts_en_IN.ftl"): Not found
12-10-2024 15:58:56 _Log4jLoggerFactory.java DEBUG [main] freemarker.cache 45 - TemplateLoader.findTemplateSource("spark/partials/scripts_en.ftl"): Not found
12-10-2024 15:58:56 _Log4jLoggerFactory.java DEBUG [main] freemarker.cache 45 - TemplateLoader.findTemplateSource("spark/partials/scripts.ftl"): Found
12-10-2024 15:58:56 _Log4jLoggerFactory.java DEBUG [main] freemarker.cache 45 - Loading template for "spark/partials/scripts.ftl"("en_IN", UTF-8, parsed) from "jar:file:/C:/Users/dhars/.m2/repository/com/aventstack/extentreports/5.0.5/extentreports-5.0.5.jar!/com/aventstack/extentreports/templates/spark/partials/scripts.ftl"
12-10-2024 15:58:56 _Log4jLoggerFactory.java DEBUG [main] freemarker.cache 45 - Couldn't find template in cache for "commons/commons-inject-js.ftl"("en_IN", UTF-8, parsed); will try to load it.
12-10-2024 15:58:56 _Log4jLoggerFactory.java DEBUG [main] freemarker.cache 45 - TemplateLoader.findTemplateSource("commons/commons-inject-js_en_IN.ftl"): Not found
12-10-2024 15:58:56 _Log4jLoggerFactory.java DEBUG [main] freemarker.cache 45 - TemplateLoader.findTemplateSource("commons/commons-inject-js_en.ftl"): Not found
12-10-2024 15:58:56 _Log4jLoggerFactory.java DEBUG [main] freemarker.cache 45 - TemplateLoader.findTemplateSource("commons/commons-inject-js.ftl"): Found
12-10-2024 15:58:56 _Log4jLoggerFactory.java DEBUG [main] freemarker.cache 45 - Loading template for "commons/commons-inject-js.ftl"("en_IN", UTF-8, parsed) from "jar:file:/C:/Users/dhars/.m2/repository/com/aventstack/extentreports/5.0.5/extentreports-5.0.5.jar!/com/aventstack/extentreports/templates/commons/commons-inject-js.ftl"
